<?xml version="1.0" encoding="UTF-8"?>
<!-- Generated by org.testng.reporters.JUnitXMLReporter -->
<testsuite ignored="0" hostname="SAM" failures="0" tests="4" name="Default test" time="0.295" errors="0" timestamp="2024-05-02T18:38:25 IST">
  <testcase classname="groups.GroupAttribute" name="accnture" time="0.103"/>
  <testcase classname="groups.GroupAttribute" name="creta" time="0.005"/>
  <testcase classname="groups.GroupAttribute" name="infosys" time="0.004"/>
  <testcase classname="groups.GroupAttribute" name="maruti" time="0.005"/>
</testsuite> <!-- Default test -->
