<?xml version="1.0" encoding="UTF-8"?>
<!-- Generated by org.testng.reporters.JUnitXMLReporter -->
<testsuite ignored="2" hostname="SAM" failures="0" tests="2" name="Test" time="0.346" errors="0" timestamp="2024-08-02T11:25:02 IST">
  <testcase classname="groups.GroupAttribute" name="accnture" time="0.106"/>
  <testcase classname="groups.GroupAttribute" name="infosys" time="0.006"/>
  <testcase classname="groups.GroupAttribute" name="maruti" time="0.0">
    <ignored/>
  </testcase> <!-- maruti -->
  <testcase classname="groups.GroupAttribute" name="creta" time="0.0">
    <ignored/>
  </testcase> <!-- creta -->
</testsuite> <!-- Test -->
