<?xml version="1.0" encoding="UTF-8"?>
<!-- Generated by org.testng.reporters.JUnitXMLReporter -->
<testsuite ignored="2" hostname="SAM" failures="0" tests="2" name="Test" time="0.236" errors="0" timestamp="2024-05-02T18:47:43 IST">
  <testcase classname="groups.GroupAttribute" name="creta" time="0.068"/>
  <testcase classname="groups.GroupAttribute" name="maruti" time="0.008"/>
  <testcase classname="groups.GroupAttribute" name="accnture" time="0.0">
    <ignored/>
  </testcase> <!-- accnture -->
  <testcase classname="groups.GroupAttribute" name="infosys" time="0.0">
    <ignored/>
  </testcase> <!-- infosys -->
</testsuite> <!-- Test -->
